SecureChat/app/build/intermediates/manifest_merge_blame_file/devDebug/processDevDebugMainManifest/manifest-merger-blame-dev-debug-report.txt
1<?xml version="1.0" encoding="utf-8"?>
2<manifest xmlns:android="http://schemas.android.com/apk/res/android"
3    package="com.securechat"
4    android:versionCode="1"
5    android:versionName="1.0" >
6
7    <uses-sdk
8        android:minSdkVersion="26"
9        android:targetSdkVersion="36" />
10
11    <!-- ── Permissions ──────────────────────────────────────────────────── -->
12    <uses-permission android:name="android.permission.INTERNET" />
12-->src\main\AndroidManifest.xml:5:5-67
12-->src\main\AndroidManifest.xml:5:22-64
13    <uses-permission android:name="android.permission.CAMERA" />
13-->src\main\AndroidManifest.xml:6:5-65
13-->src\main\AndroidManifest.xml:6:22-62
14    <uses-permission android:name="android.permission.RECORD_AUDIO" />
14-->src\main\AndroidManifest.xml:7:5-71
14-->src\main\AndroidManifest.xml:7:22-68
15    <uses-permission android:name="android.permission.MODIFY_AUDIO_SETTINGS" />
15-->src\main\AndroidManifest.xml:8:5-80
15-->src\main\AndroidManifest.xml:8:22-77
16    <uses-permission android:name="android.permission.POST_NOTIFICATIONS" />
16-->src\main\AndroidManifest.xml:9:5-77
16-->src\main\AndroidManifest.xml:9:22-74
17    <uses-permission
17-->src\main\AndroidManifest.xml:10:5-11:38
18        android:name="android.permission.READ_EXTERNAL_STORAGE"
18-->src\main\AndroidManifest.xml:10:22-77
19        android:maxSdkVersion="32" />
19-->src\main\AndroidManifest.xml:11:9-35
20    <uses-permission android:name="android.permission.READ_MEDIA_IMAGES" />
20-->src\main\AndroidManifest.xml:12:5-76
20-->src\main\AndroidManifest.xml:12:22-73
21
22    <!-- Camera feature (optional — app vẫn chạy không có camera) -->
23    <uses-feature
23-->src\main\AndroidManifest.xml:15:5-85
24        android:name="android.hardware.camera"
24-->src\main\AndroidManifest.xml:15:19-57
25        android:required="false" />
25-->src\main\AndroidManifest.xml:15:58-82
26    <uses-feature
26-->src\main\AndroidManifest.xml:16:5-91
27        android:name="android.hardware.camera.front"
27-->src\main\AndroidManifest.xml:16:19-63
28        android:required="false" />
28-->src\main\AndroidManifest.xml:16:64-88
29
30    <uses-permission android:name="android.permission.USE_BIOMETRIC" /> <!-- suppress DeprecatedClassUsageInspection -->
30-->[androidx.biometric:biometric:1.1.0] AndroidManifest.xml:24:5-72
30-->[androidx.biometric:biometric:1.1.0] AndroidManifest.xml:24:22-69
31    <uses-permission android:name="android.permission.USE_FINGERPRINT" />
31-->[androidx.biometric:biometric:1.1.0] AndroidManifest.xml:27:5-74
31-->[androidx.biometric:biometric:1.1.0] AndroidManifest.xml:27:22-71
32    <uses-permission android:name="android.permission.ACCESS_NETWORK_STATE" />
32-->[com.google.firebase:firebase-auth:23.1.0] AndroidManifest.xml:26:5-79
32-->[com.google.firebase:firebase-auth:23.1.0] AndroidManifest.xml:26:22-76
33    <uses-permission android:name="android.permission.WAKE_LOCK" /> <!-- Required by older versions of Google Play services to create IID tokens -->
33-->[com.google.firebase:firebase-messaging:24.1.0] AndroidManifest.xml:24:5-68
33-->[com.google.firebase:firebase-messaging:24.1.0] AndroidManifest.xml:24:22-65
34    <uses-permission android:name="com.google.android.c2dm.permission.RECEIVE" />
34-->[com.google.firebase:firebase-messaging:24.1.0] AndroidManifest.xml:26:5-82
34-->[com.google.firebase:firebase-messaging:24.1.0] AndroidManifest.xml:26:22-79
35
36    <permission
36-->[androidx.core:core:1.15.0] AndroidManifest.xml:22:5-24:47
37        android:name="com.securechat.DYNAMIC_RECEIVER_NOT_EXPORTED_PERMISSION"
37-->[androidx.core:core:1.15.0] AndroidManifest.xml:23:9-81
38        android:protectionLevel="signature" />
38-->[androidx.core:core:1.15.0] AndroidManifest.xml:24:9-44
39
40    <uses-permission android:name="com.securechat.DYNAMIC_RECEIVER_NOT_EXPORTED_PERMISSION" />
40-->[androidx.core:core:1.15.0] AndroidManifest.xml:26:5-97
40-->[androidx.core:core:1.15.0] AndroidManifest.xml:26:22-94
41    <uses-permission android:name="com.google.android.providers.gsf.permission.READ_GSERVICES" />
41-->[com.google.android.recaptcha:recaptcha:18.5.1] AndroidManifest.xml:9:5-98
41-->[com.google.android.recaptcha:recaptcha:18.5.1] AndroidManifest.xml:9:22-95
42
43    <application
43-->src\main\AndroidManifest.xml:18:5-52:19
44        android:name="com.securechat.SecureChatApp"
44-->src\main\AndroidManifest.xml:19:9-38
45        android:allowBackup="true"
45-->src\main\AndroidManifest.xml:20:9-35
46        android:appComponentFactory="androidx.core.app.CoreComponentFactory"
46-->[androidx.core:core:1.15.0] AndroidManifest.xml:28:18-86
47        android:debuggable="true"
48        android:extractNativeLibs="false"
49        android:label="SecureChat"
49-->src\main\AndroidManifest.xml:21:9-35
50        android:networkSecurityConfig="@xml/network_security_config"
50-->src\main\AndroidManifest.xml:24:9-69
51        android:supportsRtl="true"
51-->src\main\AndroidManifest.xml:23:9-35
52        android:theme="@style/Theme.SecureChat"
52-->src\main\AndroidManifest.xml:22:9-48
53        android:usesCleartextTraffic="false" >
53-->src\main\AndroidManifest.xml:25:9-45
54
55        <!-- ── MainActivity ─────────────────────────────────────────────── -->
56        <activity
56-->src\main\AndroidManifest.xml:28:9-36:20
57            android:name="com.securechat.MainActivity"
57-->src\main\AndroidManifest.xml:29:13-41
58            android:exported="true"
58-->src\main\AndroidManifest.xml:30:13-36
59            android:windowSoftInputMode="adjustResize" >
59-->src\main\AndroidManifest.xml:31:13-55
60            <intent-filter>
60-->src\main\AndroidManifest.xml:32:13-35:29
61                <action android:name="android.intent.action.MAIN" />
61-->src\main\AndroidManifest.xml:33:17-69
61-->src\main\AndroidManifest.xml:33:25-66
62
63                <category android:name="android.intent.category.LAUNCHER" />
63-->src\main\AndroidManifest.xml:34:17-77
63-->src\main\AndroidManifest.xml:34:27-74
64            </intent-filter>
65        </activity>
66
67        <!-- ── FCM Service — nhận push notification ─────────────────────── -->
68        <service
68-->src\main\AndroidManifest.xml:39:9-45:19
69            android:name="com.securechat.service.SecureChatFCMService"
69-->src\main\AndroidManifest.xml:40:13-57
70            android:exported="false" >
70-->src\main\AndroidManifest.xml:41:13-37
71            <intent-filter>
71-->src\main\AndroidManifest.xml:42:13-44:29
72                <action android:name="com.google.firebase.MESSAGING_EVENT" />
72-->src\main\AndroidManifest.xml:43:17-78
72-->src\main\AndroidManifest.xml:43:25-75
73            </intent-filter>
74        </service>
75
76        <!-- ── Firebase Cloud Messaging default channel ─────────────────── -->
77        <meta-data
77-->src\main\AndroidManifest.xml:48:9-50:47
78            android:name="com.google.firebase.messaging.default_notification_channel_id"
78-->src\main\AndroidManifest.xml:49:13-89
79            android:value="message_channel" />
79-->src\main\AndroidManifest.xml:50:13-44
80
81        <service
81-->[com.google.firebase:firebase-auth-ktx:23.1.0] AndroidManifest.xml:8:9-14:19
82            android:name="com.google.firebase.components.ComponentDiscoveryService"
82-->[com.google.firebase:firebase-auth-ktx:23.1.0] AndroidManifest.xml:9:13-84
83            android:directBootAware="true"
83-->[com.google.firebase:firebase-common:21.0.0] AndroidManifest.xml:32:13-43
84            android:exported="false" >
84-->[com.google.firebase:firebase-auth-ktx:23.1.0] AndroidManifest.xml:10:13-37
85            <meta-data
85-->[com.google.firebase:firebase-auth-ktx:23.1.0] AndroidManifest.xml:11:13-13:85
86                android:name="com.google.firebase.components:com.google.firebase.auth.ktx.FirebaseAuthLegacyRegistrar"
86-->[com.google.firebase:firebase-auth-ktx:23.1.0] AndroidManifest.xml:12:17-119
87                android:value="com.google.firebase.components.ComponentRegistrar" />
87-->[com.google.firebase:firebase-auth-ktx:23.1.0] AndroidManifest.xml:13:17-82
88            <meta-data
88-->[com.google.firebase:firebase-auth:23.1.0] AndroidManifest.xml:69:13-71:85
89                android:name="com.google.firebase.components:com.google.firebase.auth.FirebaseAuthRegistrar"
89-->[com.google.firebase:firebase-auth:23.1.0] AndroidManifest.xml:70:17-109
90                android:value="com.google.firebase.components.ComponentRegistrar" />
90-->[com.google.firebase:firebase-auth:23.1.0] AndroidManifest.xml:71:17-82
91            <meta-data
91-->[com.google.firebase:firebase-storage-ktx:21.0.1] AndroidManifest.xml:12:13-14:85
92                android:name="com.google.firebase.components:com.google.firebase.storage.ktx.FirebaseStorageLegacyRegistrar"
92-->[com.google.firebase:firebase-storage-ktx:21.0.1] AndroidManifest.xml:13:17-125
93                android:value="com.google.firebase.components.ComponentRegistrar" />
93-->[com.google.firebase:firebase-storage-ktx:21.0.1] AndroidManifest.xml:14:17-82
94            <meta-data
94-->[com.google.firebase:firebase-firestore-ktx:25.1.1] AndroidManifest.xml:12:13-14:85
95                android:name="com.google.firebase.components:com.google.firebase.firestore.ktx.FirebaseFirestoreLegacyRegistrar"
95-->[com.google.firebase:firebase-firestore-ktx:25.1.1] AndroidManifest.xml:13:17-129
96                android:value="com.google.firebase.components.ComponentRegistrar" />
96-->[com.google.firebase:firebase-firestore-ktx:25.1.1] AndroidManifest.xml:14:17-82
97            <meta-data
97-->[com.google.firebase:firebase-messaging-ktx:24.1.0] AndroidManifest.xml:26:13-28:85
98                android:name="com.google.firebase.components:com.google.firebase.messaging.ktx.FirebaseMessagingLegacyRegistrar"
98-->[com.google.firebase:firebase-messaging-ktx:24.1.0] AndroidManifest.xml:27:17-129
99                android:value="com.google.firebase.components.ComponentRegistrar" />
99-->[com.google.firebase:firebase-messaging-ktx:24.1.0] AndroidManifest.xml:28:17-82
100            <meta-data
100-->[com.google.firebase:firebase-storage:21.0.1] AndroidManifest.xml:30:13-32:85
101                android:name="com.google.firebase.components:com.google.firebase.storage.FirebaseStorageKtxRegistrar"
101-->[com.google.firebase:firebase-storage:21.0.1] AndroidManifest.xml:31:17-118
102                android:value="com.google.firebase.components.ComponentRegistrar" />
102-->[com.google.firebase:firebase-storage:21.0.1] AndroidManifest.xml:32:17-82
103            <meta-data
103-->[com.google.firebase:firebase-storage:21.0.1] AndroidManifest.xml:33:13-35:85
104                android:name="com.google.firebase.components:com.google.firebase.storage.StorageRegistrar"
104-->[com.google.firebase:firebase-storage:21.0.1] AndroidManifest.xml:34:17-107
105                android:value="com.google.firebase.components.ComponentRegistrar" />
105-->[com.google.firebase:firebase-storage:21.0.1] AndroidManifest.xml:35:17-82
106            <meta-data
106-->[com.google.firebase:firebase-firestore:25.1.1] AndroidManifest.xml:17:13-19:85
107                android:name="com.google.firebase.components:com.google.firebase.firestore.FirebaseFirestoreKtxRegistrar"
107-->[com.google.firebase:firebase-firestore:25.1.1] AndroidManifest.xml:18:17-122
108                android:value="com.google.firebase.components.ComponentRegistrar" />
108-->[com.google.firebase:firebase-firestore:25.1.1] AndroidManifest.xml:19:17-82
109            <meta-data
109-->[com.google.firebase:firebase-firestore:25.1.1] AndroidManifest.xml:20:13-22:85
110                android:name="com.google.firebase.components:com.google.firebase.firestore.FirestoreRegistrar"
110-->[com.google.firebase:firebase-firestore:25.1.1] AndroidManifest.xml:21:17-111
111                android:value="com.google.firebase.components.ComponentRegistrar" />
111-->[com.google.firebase:firebase-firestore:25.1.1] AndroidManifest.xml:22:17-82
112            <meta-data
112-->[com.google.firebase:firebase-messaging:24.1.0] AndroidManifest.xml:57:13-59:85
113                android:name="com.google.firebase.components:com.google.firebase.messaging.FirebaseMessagingKtxRegistrar"
113-->[com.google.firebase:firebase-messaging:24.1.0] AndroidManifest.xml:58:17-122
114                android:value="com.google.firebase.components.ComponentRegistrar" />
114-->[com.google.firebase:firebase-messaging:24.1.0] AndroidManifest.xml:59:17-82
115            <meta-data
115-->[com.google.firebase:firebase-messaging:24.1.0] AndroidManifest.xml:60:13-62:85
116                android:name="com.google.firebase.components:com.google.firebase.messaging.FirebaseMessagingRegistrar"
116-->[com.google.firebase:firebase-messaging:24.1.0] AndroidManifest.xml:61:17-119
117                android:value="com.google.firebase.components.ComponentRegistrar" />
117-->[com.google.firebase:firebase-messaging:24.1.0] AndroidManifest.xml:62:17-82
118            <meta-data
118-->[com.google.firebase:firebase-appcheck:18.0.0] AndroidManifest.xml:25:13-27:85
119                android:name="com.google.firebase.components:com.google.firebase.appcheck.FirebaseAppCheckKtxRegistrar"
119-->[com.google.firebase:firebase-appcheck:18.0.0] AndroidManifest.xml:26:17-120
120                android:value="com.google.firebase.components.ComponentRegistrar" />
120-->[com.google.firebase:firebase-appcheck:18.0.0] AndroidManifest.xml:27:17-82
121            <meta-data
121-->[com.google.firebase:firebase-appcheck:18.0.0] AndroidManifest.xml:28:13-30:85
122                android:name="com.google.firebase.components:com.google.firebase.appcheck.FirebaseAppCheckRegistrar"
122-->[com.google.firebase:firebase-appcheck:18.0.0] AndroidManifest.xml:29:17-117
123                android:value="com.google.firebase.components.ComponentRegistrar" />
123-->[com.google.firebase:firebase-appcheck:18.0.0] AndroidManifest.xml:30:17-82
124            <meta-data
124-->[com.google.firebase:firebase-installations:18.0.0] AndroidManifest.xml:15:13-17:85
125                android:name="com.google.firebase.components:com.google.firebase.installations.FirebaseInstallationsKtxRegistrar"
125-->[com.google.firebase:firebase-installations:18.0.0] AndroidManifest.xml:16:17-130
126                android:value="com.google.firebase.components.ComponentRegistrar" />
126-->[com.google.firebase:firebase-installations:18.0.0] AndroidManifest.xml:17:17-82
127            <meta-data
127-->[com.google.firebase:firebase-installations:18.0.0] AndroidManifest.xml:18:13-20:85
128                android:name="com.google.firebase.components:com.google.firebase.installations.FirebaseInstallationsRegistrar"
128-->[com.google.firebase:firebase-installations:18.0.0] AndroidManifest.xml:19:17-127
129                android:value="com.google.firebase.components.ComponentRegistrar" />
129-->[com.google.firebase:firebase-installations:18.0.0] AndroidManifest.xml:20:17-82
130            <meta-data
130-->[com.google.firebase:firebase-common-ktx:21.0.0] AndroidManifest.xml:12:13-14:85
131                android:name="com.google.firebase.components:com.google.firebase.ktx.FirebaseCommonLegacyRegistrar"
131-->[com.google.firebase:firebase-common-ktx:21.0.0] AndroidManifest.xml:13:17-116
132                android:value="com.google.firebase.components.ComponentRegistrar" />
132-->[com.google.firebase:firebase-common-ktx:21.0.0] AndroidManifest.xml:14:17-82
133            <meta-data
133-->[com.google.firebase:firebase-common:21.0.0] AndroidManifest.xml:35:13-37:85
134                android:name="com.google.firebase.components:com.google.firebase.FirebaseCommonKtxRegistrar"
134-->[com.google.firebase:firebase-common:21.0.0] AndroidManifest.xml:36:17-109
135                android:value="com.google.firebase.components.ComponentRegistrar" />
135-->[com.google.firebase:firebase-common:21.0.0] AndroidManifest.xml:37:17-82
136            <meta-data
136-->[com.google.firebase:firebase-datatransport:18.2.0] AndroidManifest.xml:25:13-27:85
137                android:name="com.google.firebase.components:com.google.firebase.datatransport.TransportRegistrar"
137-->[com.google.firebase:firebase-datatransport:18.2.0] AndroidManifest.xml:26:17-115
138                android:value="com.google.firebase.components.ComponentRegistrar" />
138-->[com.google.firebase:firebase-datatransport:18.2.0] AndroidManifest.xml:27:17-82
139        </service>
140
141        <activity
141-->[com.google.firebase:firebase-auth:23.1.0] AndroidManifest.xml:29:9-46:20
142            android:name="com.google.firebase.auth.internal.GenericIdpActivity"
142-->[com.google.firebase:firebase-auth:23.1.0] AndroidManifest.xml:30:13-80
143            android:excludeFromRecents="true"
143-->[com.google.firebase:firebase-auth:23.1.0] AndroidManifest.xml:31:13-46
144            android:exported="true"
144-->[com.google.firebase:firebase-auth:23.1.0] AndroidManifest.xml:32:13-36
145            android:launchMode="singleTask"
145-->[com.google.firebase:firebase-auth:23.1.0] AndroidManifest.xml:33:13-44
146            android:theme="@android:style/Theme.Translucent.NoTitleBar" >
146-->[com.google.firebase:firebase-auth:23.1.0] AndroidManifest.xml:34:13-72
147            <intent-filter>
147-->[com.google.firebase:firebase-auth:23.1.0] AndroidManifest.xml:35:13-45:29
148                <action android:name="android.intent.action.VIEW" />
148-->[com.google.firebase:firebase-auth:23.1.0] AndroidManifest.xml:36:17-69
148-->[com.google.firebase:firebase-auth:23.1.0] AndroidManifest.xml:36:25-66
149
150                <category android:name="android.intent.category.DEFAULT" />
150-->[com.google.firebase:firebase-auth:23.1.0] AndroidManifest.xml:38:17-76
150-->[com.google.firebase:firebase-auth:23.1.0] AndroidManifest.xml:38:27-73
151                <category android:name="android.intent.category.BROWSABLE" />
151-->[com.google.firebase:firebase-auth:23.1.0] AndroidManifest.xml:39:17-78
151-->[com.google.firebase:firebase-auth:23.1.0] AndroidManifest.xml:39:27-75
152
153                <data
153-->[com.google.firebase:firebase-auth:23.1.0] AndroidManifest.xml:41:17-44:51
154                    android:host="firebase.auth"
154-->[com.google.firebase:firebase-auth:23.1.0] AndroidManifest.xml:42:21-49
155                    android:path="/"
155-->[com.google.firebase:firebase-auth:23.1.0] AndroidManifest.xml:43:21-37
156                    android:scheme="genericidp" />
156-->[com.google.firebase:firebase-auth:23.1.0] AndroidManifest.xml:44:21-48
157            </intent-filter>
158        </activity>
159        <activity
159-->[com.google.firebase:firebase-auth:23.1.0] AndroidManifest.xml:47:9-64:20
160            android:name="com.google.firebase.auth.internal.RecaptchaActivity"
160-->[com.google.firebase:firebase-auth:23.1.0] AndroidManifest.xml:48:13-79
161            android:excludeFromRecents="true"
161-->[com.google.firebase:firebase-auth:23.1.0] AndroidManifest.xml:49:13-46
162            android:exported="true"
162-->[com.google.firebase:firebase-auth:23.1.0] AndroidManifest.xml:50:13-36
163            android:launchMode="singleTask"
163-->[com.google.firebase:firebase-auth:23.1.0] AndroidManifest.xml:51:13-44
164            android:theme="@android:style/Theme.Translucent.NoTitleBar" >
164-->[com.google.firebase:firebase-auth:23.1.0] AndroidManifest.xml:52:13-72
165            <intent-filter>
165-->[com.google.firebase:firebase-auth:23.1.0] AndroidManifest.xml:53:13-63:29
166                <action android:name="android.intent.action.VIEW" />
166-->[com.google.firebase:firebase-auth:23.1.0] AndroidManifest.xml:36:17-69
166-->[com.google.firebase:firebase-auth:23.1.0] AndroidManifest.xml:36:25-66
167
168                <category android:name="android.intent.category.DEFAULT" />
168-->[com.google.firebase:firebase-auth:23.1.0] AndroidManifest.xml:38:17-76
168-->[com.google.firebase:firebase-auth:23.1.0] AndroidManifest.xml:38:27-73
169                <category android:name="android.intent.category.BROWSABLE" />
169-->[com.google.firebase:firebase-auth:23.1.0] AndroidManifest.xml:39:17-78
169-->[com.google.firebase:firebase-auth:23.1.0] AndroidManifest.xml:39:27-75
170
171                <data
171-->[com.google.firebase:firebase-auth:23.1.0] AndroidManifest.xml:41:17-44:51
172                    android:host="firebase.auth"
172-->[com.google.firebase:firebase-auth:23.1.0] AndroidManifest.xml:42:21-49
173                    android:path="/"
173-->[com.google.firebase:firebase-auth:23.1.0] AndroidManifest.xml:43:21-37
174                    android:scheme="recaptcha" />
174-->[com.google.firebase:firebase-auth:23.1.0] AndroidManifest.xml:44:21-48
175            </intent-filter>
176        </activity>
177
178        <receiver
178-->[com.google.firebase:firebase-messaging:24.1.0] AndroidManifest.xml:29:9-40:20
179            android:name="com.google.firebase.iid.FirebaseInstanceIdReceiver"
179-->[com.google.firebase:firebase-messaging:24.1.0] AndroidManifest.xml:30:13-78
180            android:exported="true"
180-->[com.google.firebase:firebase-messaging:24.1.0] AndroidManifest.xml:31:13-36
181            android:permission="com.google.android.c2dm.permission.SEND" >
181-->[com.google.firebase:firebase-messaging:24.1.0] AndroidManifest.xml:32:13-73
182            <intent-filter>
182-->[com.google.firebase:firebase-messaging:24.1.0] AndroidManifest.xml:33:13-35:29
183                <action android:name="com.google.android.c2dm.intent.RECEIVE" />
183-->[com.google.firebase:firebase-messaging:24.1.0] AndroidManifest.xml:34:17-81
183-->[com.google.firebase:firebase-messaging:24.1.0] AndroidManifest.xml:34:25-78
184            </intent-filter>
185
186            <meta-data
186-->[com.google.firebase:firebase-messaging:24.1.0] AndroidManifest.xml:37:13-39:40
187                android:name="com.google.android.gms.cloudmessaging.FINISHED_AFTER_HANDLED"
187-->[com.google.firebase:firebase-messaging:24.1.0] AndroidManifest.xml:38:17-92
188                android:value="true" />
188-->[com.google.firebase:firebase-messaging:24.1.0] AndroidManifest.xml:39:17-37
189        </receiver>
190        <!--
191             FirebaseMessagingService performs security checks at runtime,
192             but set to not exported to explicitly avoid allowing another app to call it.
193        -->
194        <service
194-->[com.google.firebase:firebase-messaging:24.1.0] AndroidManifest.xml:46:9-53:19
195            android:name="com.google.firebase.messaging.FirebaseMessagingService"
195-->[com.google.firebase:firebase-messaging:24.1.0] AndroidManifest.xml:47:13-82
196            android:directBootAware="true"
196-->[com.google.firebase:firebase-messaging:24.1.0] AndroidManifest.xml:48:13-43
197            android:exported="false" >
197-->[com.google.firebase:firebase-messaging:24.1.0] AndroidManifest.xml:49:13-37
198            <intent-filter android:priority="-500" >
198-->src\main\AndroidManifest.xml:42:13-44:29
199                <action android:name="com.google.firebase.MESSAGING_EVENT" />
199-->src\main\AndroidManifest.xml:43:17-78
199-->src\main\AndroidManifest.xml:43:25-75
200            </intent-filter>
201        </service>
202
203        <provider
203-->[com.google.firebase:firebase-common:21.0.0] AndroidManifest.xml:23:9-28:39
204            android:name="com.google.firebase.provider.FirebaseInitProvider"
204-->[com.google.firebase:firebase-common:21.0.0] AndroidManifest.xml:24:13-77
205            android:authorities="com.securechat.firebaseinitprovider"
205-->[com.google.firebase:firebase-common:21.0.0] AndroidManifest.xml:25:13-72
206            android:directBootAware="true"
206-->[com.google.firebase:firebase-common:21.0.0] AndroidManifest.xml:26:13-43
207            android:exported="false"
207-->[com.google.firebase:firebase-common:21.0.0] AndroidManifest.xml:27:13-37
208            android:initOrder="100" />
208-->[com.google.firebase:firebase-common:21.0.0] AndroidManifest.xml:28:13-36
209
210        <service
210-->[androidx.room:room-runtime:2.6.1] AndroidManifest.xml:24:9-28:63
211            android:name="androidx.room.MultiInstanceInvalidationService"
211-->[androidx.room:room-runtime:2.6.1] AndroidManifest.xml:25:13-74
212            android:directBootAware="true"
212-->[androidx.room:room-runtime:2.6.1] AndroidManifest.xml:26:13-43
213            android:exported="false" />
213-->[androidx.room:room-runtime:2.6.1] AndroidManifest.xml:27:13-37
214
215        <activity
215-->[androidx.compose.ui:ui-tooling-android:1.7.6] AndroidManifest.xml:23:9-25:39
216            android:name="androidx.compose.ui.tooling.PreviewActivity"
216-->[androidx.compose.ui:ui-tooling-android:1.7.6] AndroidManifest.xml:24:13-71
217            android:exported="true" />
217-->[androidx.compose.ui:ui-tooling-android:1.7.6] AndroidManifest.xml:25:13-36
218
219        <service
219-->[androidx.credentials:credentials-play-services-auth:1.2.0-rc01] AndroidManifest.xml:24:9-32:19
220            android:name="androidx.credentials.playservices.CredentialProviderMetadataHolder"
220-->[androidx.credentials:credentials-play-services-auth:1.2.0-rc01] AndroidManifest.xml:25:13-94
221            android:enabled="true"
221-->[androidx.credentials:credentials-play-services-auth:1.2.0-rc01] AndroidManifest.xml:26:13-35
222            android:exported="false" >
222-->[androidx.credentials:credentials-play-services-auth:1.2.0-rc01] AndroidManifest.xml:27:13-37
223            <meta-data
223-->[androidx.credentials:credentials-play-services-auth:1.2.0-rc01] AndroidManifest.xml:29:13-31:104
224                android:name="androidx.credentials.CREDENTIAL_PROVIDER_KEY"
224-->[androidx.credentials:credentials-play-services-auth:1.2.0-rc01] AndroidManifest.xml:30:17-76
225                android:value="androidx.credentials.playservices.CredentialProviderPlayServicesImpl" />
225-->[androidx.credentials:credentials-play-services-auth:1.2.0-rc01] AndroidManifest.xml:31:17-101
226        </service>
227
228        <activity
228-->[androidx.credentials:credentials-play-services-auth:1.2.0-rc01] AndroidManifest.xml:34:9-41:20
229            android:name="androidx.credentials.playservices.HiddenActivity"
229-->[androidx.credentials:credentials-play-services-auth:1.2.0-rc01] AndroidManifest.xml:35:13-76
230            android:configChanges="orientation|screenSize|screenLayout|keyboardHidden"
230-->[androidx.credentials:credentials-play-services-auth:1.2.0-rc01] AndroidManifest.xml:36:13-87
231            android:enabled="true"
231-->[androidx.credentials:credentials-play-services-auth:1.2.0-rc01] AndroidManifest.xml:37:13-35
232            android:exported="false"
232-->[androidx.credentials:credentials-play-services-auth:1.2.0-rc01] AndroidManifest.xml:38:13-37
233            android:fitsSystemWindows="true"
233-->[androidx.credentials:credentials-play-services-auth:1.2.0-rc01] AndroidManifest.xml:39:13-45
234            android:theme="@style/Theme.Hidden" >
234-->[androidx.credentials:credentials-play-services-auth:1.2.0-rc01] AndroidManifest.xml:40:13-48
235        </activity>
236        <activity
236-->[com.google.android.gms:play-services-auth:20.7.0] AndroidManifest.xml:23:9-27:75
237            android:name="com.google.android.gms.auth.api.signin.internal.SignInHubActivity"
237-->[com.google.android.gms:play-services-auth:20.7.0] AndroidManifest.xml:24:13-93
238            android:excludeFromRecents="true"
238-->[com.google.android.gms:play-services-auth:20.7.0] AndroidManifest.xml:25:13-46
239            android:exported="false"
239-->[com.google.android.gms:play-services-auth:20.7.0] AndroidManifest.xml:26:13-37
240            android:theme="@android:style/Theme.Translucent.NoTitleBar" />
240-->[com.google.android.gms:play-services-auth:20.7.0] AndroidManifest.xml:27:13-72
241        <!--
242            Service handling Google Sign-In user revocation. For apps that do not integrate with
243            Google Sign-In, this service will never be started.
244        -->
245        <service
245-->[com.google.android.gms:play-services-auth:20.7.0] AndroidManifest.xml:33:9-37:51
246            android:name="com.google.android.gms.auth.api.signin.RevocationBoundService"
246-->[com.google.android.gms:play-services-auth:20.7.0] AndroidManifest.xml:34:13-89
247            android:exported="true"
247-->[com.google.android.gms:play-services-auth:20.7.0] AndroidManifest.xml:35:13-36
248            android:permission="com.google.android.gms.auth.api.signin.permission.REVOCATION_NOTIFICATION"
248-->[com.google.android.gms:play-services-auth:20.7.0] AndroidManifest.xml:36:13-107
249            android:visibleToInstantApps="true" />
249-->[com.google.android.gms:play-services-auth:20.7.0] AndroidManifest.xml:37:13-48
250
251        <activity
251-->[com.google.android.gms:play-services-base:18.1.0] AndroidManifest.xml:20:9-22:45
252            android:name="com.google.android.gms.common.api.GoogleApiActivity"
252-->[com.google.android.gms:play-services-base:18.1.0] AndroidManifest.xml:20:19-85
253            android:exported="false"
253-->[com.google.android.gms:play-services-base:18.1.0] AndroidManifest.xml:22:19-43
254            android:theme="@android:style/Theme.Translucent.NoTitleBar" />
254-->[com.google.android.gms:play-services-base:18.1.0] AndroidManifest.xml:21:19-78
255
256        <provider
256-->[androidx.emoji2:emoji2:1.3.0] AndroidManifest.xml:24:9-32:20
257            android:name="androidx.startup.InitializationProvider"
257-->[androidx.emoji2:emoji2:1.3.0] AndroidManifest.xml:25:13-67
258            android:authorities="com.securechat.androidx-startup"
258-->[androidx.emoji2:emoji2:1.3.0] AndroidManifest.xml:26:13-68
259            android:exported="false" >
259-->[androidx.emoji2:emoji2:1.3.0] AndroidManifest.xml:27:13-37
260            <meta-data
260-->[androidx.emoji2:emoji2:1.3.0] AndroidManifest.xml:29:13-31:52
261                android:name="androidx.emoji2.text.EmojiCompatInitializer"
261-->[androidx.emoji2:emoji2:1.3.0] AndroidManifest.xml:30:17-75